Determining if the pthread_create exist failed with the following output:
Change Dir: /home/lps/capstone_2/build/CMakeFiles/CMakeTmp

Run Build Command:"/usr/bin/make" "cmTC_7f2c4/fast"
/usr/bin/make -f CMakeFiles/cmTC_7f2c4.dir/build.make CMakeFiles/cmTC_7f2c4.dir/build
make[1]: Entering directory '/home/lps/capstone_2/build/CMakeFiles/CMakeTmp'
Building C object CMakeFiles/cmTC_7f2c4.dir/CheckSymbolExists.c.o
/usr/bin/cc     -o CMakeFiles/cmTC_7f2c4.dir/CheckSymbolExists.c.o   -c /home/lps/capstone_2/build/CMakeFiles/CMakeTmp/CheckSymbolExists.c
Linking C executable cmTC_7f2c4
/usr/bin/cmake -E cmake_link_script CMakeFiles/cmTC_7f2c4.dir/link.txt --verbose=1
/usr/bin/cc       CMakeFiles/cmTC_7f2c4.dir/CheckSymbolExists.c.o  -o cmTC_7f2c4 -rdynamic 
CMakeFiles/cmTC_7f2c4.dir/CheckSymbolExists.c.o: In function `main':
CheckSymbolExists.c:(.text+0x16): undefined reference to `pthread_create'
collect2: error: ld returned 1 exit status
CMakeFiles/cmTC_7f2c4.dir/build.make:97: recipe for target 'cmTC_7f2c4' failed
make[1]: *** [cmTC_7f2c4] Error 1
make[1]: Leaving directory '/home/lps/capstone_2/build/CMakeFiles/CMakeTmp'
Makefile:126: recipe for target 'cmTC_7f2c4/fast' failed
make: *** [cmTC_7f2c4/fast] Error 2

File /home/lps/capstone_2/build/CMakeFiles/CMakeTmp/CheckSymbolExists.c:
/* */
#include <pthread.h>

int main(int argc, char** argv)
{
  (void)argv;
#ifndef pthread_create
  return ((int*)(&pthread_create))[argc];
#else
  (void)argc;
  return 0;
#endif
}

Determining if the function pthread_create exists in the pthreads failed with the following output:
Change Dir: /home/lps/capstone_2/build/CMakeFiles/CMakeTmp

Run Build Command:"/usr/bin/make" "cmTC_4cc60/fast"
/usr/bin/make -f CMakeFiles/cmTC_4cc60.dir/build.make CMakeFiles/cmTC_4cc60.dir/build
make[1]: Entering directory '/home/lps/capstone_2/build/CMakeFiles/CMakeTmp'
Building C object CMakeFiles/cmTC_4cc60.dir/CheckFunctionExists.c.o
/usr/bin/cc    -DCHECK_FUNCTION_EXISTS=pthread_create   -o CMakeFiles/cmTC_4cc60.dir/CheckFunctionExists.c.o   -c /usr/share/cmake-3.5/Modules/CheckFunctionExists.c
Linking C executable cmTC_4cc60
/usr/bin/cmake -E cmake_link_script CMakeFiles/cmTC_4cc60.dir/link.txt --verbose=1
/usr/bin/cc   -DCHECK_FUNCTION_EXISTS=pthread_create    CMakeFiles/cmTC_4cc60.dir/CheckFunctionExists.c.o  -o cmTC_4cc60 -rdynamic -lpthreads 
/usr/bin/ld: cannot find -lpthreads
collect2: error: ld returned 1 exit status
CMakeFiles/cmTC_4cc60.dir/build.make:97: recipe for target 'cmTC_4cc60' failed
make[1]: *** [cmTC_4cc60] Error 1
make[1]: Leaving directory '/home/lps/capstone_2/build/CMakeFiles/CMakeTmp'
Makefile:126: recipe for target 'cmTC_4cc60/fast' failed
make: *** [cmTC_4cc60/fast] Error 2


Determining if the Q_WS_WIN exist failed with the following output:
Change Dir: /home/lps/capstone_2/build/CMakeFiles/CMakeTmp

Run Build Command:"/usr/bin/make" "cmTC_7a80a/fast"
/usr/bin/make -f CMakeFiles/cmTC_7a80a.dir/build.make CMakeFiles/cmTC_7a80a.dir/build
make[1]: Entering directory '/home/lps/capstone_2/build/CMakeFiles/CMakeTmp'
Building CXX object CMakeFiles/cmTC_7a80a.dir/CheckSymbolExists.cxx.o
/usr/bin/c++    -I/usr/include/qt4   -o CMakeFiles/cmTC_7a80a.dir/CheckSymbolExists.cxx.o -c /home/lps/capstone_2/build/CMakeFiles/CMakeTmp/CheckSymbolExists.cxx
/home/lps/capstone_2/build/CMakeFiles/CMakeTmp/CheckSymbolExists.cxx: In function ‘int main(int, char**)’:
/home/lps/capstone_2/build/CMakeFiles/CMakeTmp/CheckSymbolExists.cxx:8:19: error: ‘Q_WS_WIN’ was not declared in this scope
   return ((int*)(&Q_WS_WIN))[argc];
                   ^
CMakeFiles/cmTC_7a80a.dir/build.make:65: recipe for target 'CMakeFiles/cmTC_7a80a.dir/CheckSymbolExists.cxx.o' failed
make[1]: *** [CMakeFiles/cmTC_7a80a.dir/CheckSymbolExists.cxx.o] Error 1
make[1]: Leaving directory '/home/lps/capstone_2/build/CMakeFiles/CMakeTmp'
Makefile:126: recipe for target 'cmTC_7a80a/fast' failed
make: *** [cmTC_7a80a/fast] Error 2

File /home/lps/capstone_2/build/CMakeFiles/CMakeTmp/CheckSymbolExists.cxx:
/* */
#include <QtCore/qglobal.h>

int main(int argc, char** argv)
{
  (void)argv;
#ifndef Q_WS_WIN
  return ((int*)(&Q_WS_WIN))[argc];
#else
  (void)argc;
  return 0;
#endif
}

Determining if the Q_WS_QWS exist failed with the following output:
Change Dir: /home/lps/capstone_2/build/CMakeFiles/CMakeTmp

Run Build Command:"/usr/bin/make" "cmTC_5133c/fast"
/usr/bin/make -f CMakeFiles/cmTC_5133c.dir/build.make CMakeFiles/cmTC_5133c.dir/build
make[1]: Entering directory '/home/lps/capstone_2/build/CMakeFiles/CMakeTmp'
Building CXX object CMakeFiles/cmTC_5133c.dir/CheckSymbolExists.cxx.o
/usr/bin/c++    -I/usr/include/qt4   -o CMakeFiles/cmTC_5133c.dir/CheckSymbolExists.cxx.o -c /home/lps/capstone_2/build/CMakeFiles/CMakeTmp/CheckSymbolExists.cxx
/home/lps/capstone_2/build/CMakeFiles/CMakeTmp/CheckSymbolExists.cxx: In function ‘int main(int, char**)’:
/home/lps/capstone_2/build/CMakeFiles/CMakeTmp/CheckSymbolExists.cxx:8:19: error: ‘Q_WS_QWS’ was not declared in this scope
   return ((int*)(&Q_WS_QWS))[argc];
                   ^
CMakeFiles/cmTC_5133c.dir/build.make:65: recipe for target 'CMakeFiles/cmTC_5133c.dir/CheckSymbolExists.cxx.o' failed
make[1]: *** [CMakeFiles/cmTC_5133c.dir/CheckSymbolExists.cxx.o] Error 1
make[1]: Leaving directory '/home/lps/capstone_2/build/CMakeFiles/CMakeTmp'
Makefile:126: recipe for target 'cmTC_5133c/fast' failed
make: *** [cmTC_5133c/fast] Error 2

File /home/lps/capstone_2/build/CMakeFiles/CMakeTmp/CheckSymbolExists.cxx:
/* */
#include <QtCore/qglobal.h>

int main(int argc, char** argv)
{
  (void)argv;
#ifndef Q_WS_QWS
  return ((int*)(&Q_WS_QWS))[argc];
#else
  (void)argc;
  return 0;
#endif
}

Determining if the Q_WS_MAC exist failed with the following output:
Change Dir: /home/lps/capstone_2/build/CMakeFiles/CMakeTmp

Run Build Command:"/usr/bin/make" "cmTC_69a2a/fast"
/usr/bin/make -f CMakeFiles/cmTC_69a2a.dir/build.make CMakeFiles/cmTC_69a2a.dir/build
make[1]: Entering directory '/home/lps/capstone_2/build/CMakeFiles/CMakeTmp'
Building CXX object CMakeFiles/cmTC_69a2a.dir/CheckSymbolExists.cxx.o
/usr/bin/c++    -I/usr/include/qt4   -o CMakeFiles/cmTC_69a2a.dir/CheckSymbolExists.cxx.o -c /home/lps/capstone_2/build/CMakeFiles/CMakeTmp/CheckSymbolExists.cxx
/home/lps/capstone_2/build/CMakeFiles/CMakeTmp/CheckSymbolExists.cxx: In function ‘int main(int, char**)’:
/home/lps/capstone_2/build/CMakeFiles/CMakeTmp/CheckSymbolExists.cxx:8:19: error: ‘Q_WS_MAC’ was not declared in this scope
   return ((int*)(&Q_WS_MAC))[argc];
                   ^
CMakeFiles/cmTC_69a2a.dir/build.make:65: recipe for target 'CMakeFiles/cmTC_69a2a.dir/CheckSymbolExists.cxx.o' failed
make[1]: *** [CMakeFiles/cmTC_69a2a.dir/CheckSymbolExists.cxx.o] Error 1
make[1]: Leaving directory '/home/lps/capstone_2/build/CMakeFiles/CMakeTmp'
Makefile:126: recipe for target 'cmTC_69a2a/fast' failed
make: *** [cmTC_69a2a/fast] Error 2

File /home/lps/capstone_2/build/CMakeFiles/CMakeTmp/CheckSymbolExists.cxx:
/* */
#include <QtCore/qglobal.h>

int main(int argc, char** argv)
{
  (void)argv;
#ifndef Q_WS_MAC
  return ((int*)(&Q_WS_MAC))[argc];
#else
  (void)argc;
  return 0;
#endif
}

